C:\Users\Public\Documents\UCA\material_TLP_COMPILADORES\Compilador ver 3 - Visual C++ 2012\pl0\Debug\pl0.exe
C:\Users\Public\Documents\UCA\material_TLP_COMPILADORES\Compilador ver 3 - Visual C++ 2012\pl0\Debug\pl0.ilk
C:\Users\Public\Documents\UCA\material_TLP_COMPILADORES\Compilador ver 3 - Visual C++ 2012\pl0\Debug\pl0.pdb
C:\Users\Public\Documents\UCA\material_TLP_COMPILADORES\Compilador ver 3 - Visual C++ 2012\pl0\pl0\Debug\auxiliares.obj
C:\Users\Public\Documents\UCA\material_TLP_COMPILADORES\Compilador ver 3 - Visual C++ 2012\pl0\pl0\Debug\cl.command.1.tlog
C:\Users\Public\Documents\UCA\material_TLP_COMPILADORES\Compilador ver 3 - Visual C++ 2012\pl0\pl0\Debug\CL.read.1.tlog
C:\Users\Public\Documents\UCA\material_TLP_COMPILADORES\Compilador ver 3 - Visual C++ 2012\pl0\pl0\Debug\CL.write.1.tlog
C:\Users\Public\Documents\UCA\material_TLP_COMPILADORES\Compilador ver 3 - Visual C++ 2012\pl0\pl0\Debug\codigo_p.obj
C:\Users\Public\Documents\UCA\material_TLP_COMPILADORES\Compilador ver 3 - Visual C++ 2012\pl0\pl0\Debug\conjuntos.obj
C:\Users\Public\Documents\UCA\material_TLP_COMPILADORES\Compilador ver 3 - Visual C++ 2012\pl0\pl0\Debug\lexico.obj
C:\Users\Public\Documents\UCA\material_TLP_COMPILADORES\Compilador ver 3 - Visual C++ 2012\pl0\pl0\Debug\link.command.1.tlog
C:\Users\Public\Documents\UCA\material_TLP_COMPILADORES\Compilador ver 3 - Visual C++ 2012\pl0\pl0\Debug\link.read.1.tlog
C:\Users\Public\Documents\UCA\material_TLP_COMPILADORES\Compilador ver 3 - Visual C++ 2012\pl0\pl0\Debug\link.write.1.tlog
C:\Users\Public\Documents\UCA\material_TLP_COMPILADORES\Compilador ver 3 - Visual C++ 2012\pl0\pl0\Debug\mt.command.1.tlog
C:\Users\Public\Documents\UCA\material_TLP_COMPILADORES\Compilador ver 3 - Visual C++ 2012\pl0\pl0\Debug\mt.read.1.tlog
C:\Users\Public\Documents\UCA\material_TLP_COMPILADORES\Compilador ver 3 - Visual C++ 2012\pl0\pl0\Debug\mt.write.1.tlog
C:\Users\Public\Documents\UCA\material_TLP_COMPILADORES\Compilador ver 3 - Visual C++ 2012\pl0\pl0\Debug\parser.obj
C:\Users\Public\Documents\UCA\material_TLP_COMPILADORES\Compilador ver 3 - Visual C++ 2012\pl0\pl0\Debug\pl0.exe.intermediate.manifest
C:\Users\Public\Documents\UCA\material_TLP_COMPILADORES\Compilador ver 3 - Visual C++ 2012\pl0\pl0\Debug\pl0.obj
C:\Users\Public\Documents\UCA\material_TLP_COMPILADORES\Compilador ver 3 - Visual C++ 2012\pl0\pl0\Debug\scanner.obj
C:\Users\Public\Documents\UCA\material_TLP_COMPILADORES\Compilador ver 3 - Visual C++ 2012\pl0\pl0\Debug\tds.obj
C:\Users\Public\Documents\UCA\material_TLP_COMPILADORES\Compilador ver 3 - Visual C++ 2012\pl0\pl0\Debug\vc100.idb
C:\Users\Public\Documents\UCA\material_TLP_COMPILADORES\Compilador ver 3 - Visual C++ 2012\pl0\pl0\Debug\vc100.pdb
C:\USERS\PUBLIC\DOCUMENTS\UCA\MATERIAL_TLP_COMPILADORES\COMPILADOR VER 3 - VISUAL C++\PL0\DEBUG\PL0.EXE
C:\USERS\PUBLIC\DOCUMENTS\UCA\MATERIAL_TLP_COMPILADORES\COMPILADOR VER 3 - VISUAL C++\PL0\DEBUG\PL0.ILK
C:\USERS\PUBLIC\DOCUMENTS\UCA\MATERIAL_TLP_COMPILADORES\COMPILADOR VER 3 - VISUAL C++\PL0\DEBUG\PL0.PDB
C:\USERS\PUBLIC\DOCUMENTS\UCA\MATERIAL_TLP_COMPILADORES\COMPILADOR VER 3 - VISUAL C++\PL0\PL0\DEBUG\AUXILIARES.OBJ
C:\USERS\PUBLIC\DOCUMENTS\UCA\MATERIAL_TLP_COMPILADORES\COMPILADOR VER 3 - VISUAL C++\PL0\PL0\DEBUG\CODIGO_P.OBJ
C:\USERS\PUBLIC\DOCUMENTS\UCA\MATERIAL_TLP_COMPILADORES\COMPILADOR VER 3 - VISUAL C++\PL0\PL0\DEBUG\CONJUNTOS.OBJ
C:\USERS\PUBLIC\DOCUMENTS\UCA\MATERIAL_TLP_COMPILADORES\COMPILADOR VER 3 - VISUAL C++\PL0\PL0\DEBUG\LEXICO.OBJ
C:\USERS\PUBLIC\DOCUMENTS\UCA\MATERIAL_TLP_COMPILADORES\COMPILADOR VER 3 - VISUAL C++\PL0\PL0\DEBUG\PARSER.OBJ
C:\USERS\PUBLIC\DOCUMENTS\UCA\MATERIAL_TLP_COMPILADORES\COMPILADOR VER 3 - VISUAL C++\PL0\PL0\DEBUG\PL0.EXE.INTERMEDIATE.MANIFEST
C:\USERS\PUBLIC\DOCUMENTS\UCA\MATERIAL_TLP_COMPILADORES\COMPILADOR VER 3 - VISUAL C++\PL0\PL0\DEBUG\PL0.OBJ
C:\USERS\PUBLIC\DOCUMENTS\UCA\MATERIAL_TLP_COMPILADORES\COMPILADOR VER 3 - VISUAL C++\PL0\PL0\DEBUG\SCANNER.OBJ
C:\USERS\PUBLIC\DOCUMENTS\UCA\MATERIAL_TLP_COMPILADORES\COMPILADOR VER 3 - VISUAL C++\PL0\PL0\DEBUG\TDS.OBJ
C:\USERS\PUBLIC\DOCUMENTS\UCA\MATERIAL_TLP_COMPILADORES\COMPILADOR VER 3 - VISUAL C++\PL0\PL0\DEBUG\VC100.PDB
