C:\Users\Public\Documents\UCA\material_TLP_COMPILADORES\Compilador ver 3 - Visual C++ 2012\pl0mv\pl0mv\Debug\cl.command.1.tlog
C:\Users\Public\Documents\UCA\material_TLP_COMPILADORES\Compilador ver 3 - Visual C++ 2012\pl0mv\pl0mv\Debug\CL.read.1.tlog
C:\Users\Public\Documents\UCA\material_TLP_COMPILADORES\Compilador ver 3 - Visual C++ 2012\pl0mv\pl0mv\Debug\CL.write.1.tlog
C:\Users\Public\Documents\UCA\material_TLP_COMPILADORES\Compilador ver 3 - Visual C++ 2012\pl0mv\pl0mv\Debug\link.command.1.tlog
C:\Users\Public\Documents\UCA\material_TLP_COMPILADORES\Compilador ver 3 - Visual C++ 2012\pl0mv\pl0mv\Debug\link.read.1.tlog
C:\Users\Public\Documents\UCA\material_TLP_COMPILADORES\Compilador ver 3 - Visual C++ 2012\pl0mv\pl0mv\Debug\link.write.1.tlog
C:\Users\Public\Documents\UCA\material_TLP_COMPILADORES\Compilador ver 3 - Visual C++ 2012\pl0mv\pl0mv\Debug\mt.command.1.tlog
C:\Users\Public\Documents\UCA\material_TLP_COMPILADORES\Compilador ver 3 - Visual C++ 2012\pl0mv\pl0mv\Debug\mt.read.1.tlog
C:\Users\Public\Documents\UCA\material_TLP_COMPILADORES\Compilador ver 3 - Visual C++ 2012\pl0mv\pl0mv\Debug\mt.write.1.tlog
C:\Users\Public\Documents\UCA\material_TLP_COMPILADORES\Compilador ver 3 - Visual C++ 2012\pl0mv\pl0mv\Debug\pl0mv.exe
C:\Users\Public\Documents\UCA\material_TLP_COMPILADORES\Compilador ver 3 - Visual C++ 2012\pl0mv\pl0mv\Debug\pl0mv.exe.intermediate.manifest
C:\Users\Public\Documents\UCA\material_TLP_COMPILADORES\Compilador ver 3 - Visual C++ 2012\pl0mv\pl0mv\Debug\pl0mv.ilk
C:\Users\Public\Documents\UCA\material_TLP_COMPILADORES\Compilador ver 3 - Visual C++ 2012\pl0mv\pl0mv\Debug\pl0mv.obj
C:\Users\Public\Documents\UCA\material_TLP_COMPILADORES\Compilador ver 3 - Visual C++ 2012\pl0mv\pl0mv\Debug\pl0mv.pdb
C:\Users\Public\Documents\UCA\material_TLP_COMPILADORES\Compilador ver 3 - Visual C++ 2012\pl0mv\pl0mv\Debug\vc100.idb
C:\Users\Public\Documents\UCA\material_TLP_COMPILADORES\Compilador ver 3 - Visual C++ 2012\pl0mv\pl0mv\Debug\vc100.pdb
C:\USERS\PUBLIC\DOCUMENTS\UCA\MATERIAL_TLP_COMPILADORES\COMPILADOR VER 3 - VISUAL C++\PL0MV\PL0MV\DEBUG\PL0MV.EXE
C:\USERS\PUBLIC\DOCUMENTS\UCA\MATERIAL_TLP_COMPILADORES\COMPILADOR VER 3 - VISUAL C++\PL0MV\PL0MV\DEBUG\PL0MV.EXE.INTERMEDIATE.MANIFEST
C:\USERS\PUBLIC\DOCUMENTS\UCA\MATERIAL_TLP_COMPILADORES\COMPILADOR VER 3 - VISUAL C++\PL0MV\PL0MV\DEBUG\PL0MV.ILK
C:\USERS\PUBLIC\DOCUMENTS\UCA\MATERIAL_TLP_COMPILADORES\COMPILADOR VER 3 - VISUAL C++\PL0MV\PL0MV\DEBUG\PL0MV.OBJ
C:\USERS\PUBLIC\DOCUMENTS\UCA\MATERIAL_TLP_COMPILADORES\COMPILADOR VER 3 - VISUAL C++\PL0MV\PL0MV\DEBUG\PL0MV.PDB
C:\USERS\PUBLIC\DOCUMENTS\UCA\MATERIAL_TLP_COMPILADORES\COMPILADOR VER 3 - VISUAL C++\PL0MV\PL0MV\DEBUG\VC100.PDB
