Compilación iniciada a las 11/10/2012 08:58:46 a.m..
     1>Proyecto "C:\Users\Public\Documents\UCA\material_TLP_COMPILADORES\Compilador ver 3 - Visual C++ 2012\parser2\parser2\parser2.vcxproj" en el nodo 2 (rebuild destinos).
     1>_PrepareForClean:
         Se eliminará el archivo "Debug\parser2.lastbuildstate".
       InitializeBuildStatus:
         Se creará "Debug\parser2.unsuccessfulbuild" porque se especificó "AlwaysCreate".
       ClCompile:
         c:\Program Files (x86)\Microsoft Visual Studio 10.0\VC\bin\CL.exe /c /I"C:\Users\Public\Documents\UCA\material_TLP_COMPILADORES\Compilador ver 3\parser2\fuentes" /ZI /nologo /W3 /WX- /Od /Oy- /D _MBCS /D _MBCS /D _CRT_SECURE_NO_DEPRECATE /Gm /EHsc /RTC1 /MDd /GS /fp:precise /Zc:wchar_t /Zc:forScope /Fo"Debug\\" /Fd"Debug\vc100.pdb" /Gd /TP /analyze- /errorReport:prompt ..\fuentes\auxiliares.cpp ..\fuentes\conjuntos.cpp ..\fuentes\lexico.cpp ..\fuentes\parser.cpp ..\fuentes\pl0.cpp ..\fuentes\scanner.cpp ..\fuentes\tds.cpp
         tds.cpp
         scanner.cpp
         pl0.cpp
         parser.cpp
         lexico.cpp
         conjuntos.cpp
         auxiliares.cpp
         Generando código...
       Link:
         c:\Program Files (x86)\Microsoft Visual Studio 10.0\VC\bin\link.exe /ERRORREPORT:PROMPT /OUT:"C:\Users\Public\Documents\UCA\material_TLP_COMPILADORES\Compilador ver 3 - Visual C++ 2012\parser2\Debug\parser2.exe" /NOLOGO kernel32.lib user32.lib gdi32.lib winspool.lib comdlg32.lib advapi32.lib shell32.lib ole32.lib oleaut32.lib uuid.lib odbc32.lib odbccp32.lib /MANIFEST /ManifestFile:"Debug\parser2.exe.intermediate.manifest" /MANIFESTUAC:"level='asInvoker' uiAccess='false'" /DEBUG /PDB:"C:\Users\Public\Documents\UCA\material_TLP_COMPILADORES\Compilador ver 3 - Visual C++ 2012\parser2\Debug\parser2.pdb" /TLBID:1 /DYNAMICBASE /NXCOMPAT /IMPLIB:"C:\Users\Public\Documents\UCA\material_TLP_COMPILADORES\Compilador ver 3 - Visual C++ 2012\parser2\Debug\parser2.lib" /MACHINE:X86 Debug\auxiliares.obj
         Debug\conjuntos.obj
         Debug\lexico.obj
         Debug\parser.obj
         Debug\pl0.obj
         Debug\scanner.obj
         Debug\tds.obj
         parser2.vcxproj -> C:\Users\Public\Documents\UCA\material_TLP_COMPILADORES\Compilador ver 3 - Visual C++ 2012\parser2\Debug\parser2.exe
       Manifest:
         C:\Program Files (x86)\Microsoft SDKs\Windows\v7.0A\bin\mt.exe /nologo /verbose /outputresource:"C:\Users\Public\Documents\UCA\material_TLP_COMPILADORES\Compilador ver 3 - Visual C++ 2012\parser2\Debug\parser2.exe;#1" /manifest Debug\parser2.exe.intermediate.manifest
       FinalizeBuildStatus:
         Se eliminará el archivo "Debug\parser2.unsuccessfulbuild".
         Aplicando tarea Touch a "Debug\parser2.lastbuildstate".
     1>Compilación del proyecto terminada "C:\Users\Public\Documents\UCA\material_TLP_COMPILADORES\Compilador ver 3 - Visual C++ 2012\parser2\parser2\parser2.vcxproj" (rebuild destinos).

Compilación correcta.

Tiempo transcurrido 00:00:05.98
