C:\Users\Public\Documents\UCA\material_TLP_COMPILADORES\Compilador ver 3 - Visual C++ 2012\parser2\Debug\parser2.exe
C:\Users\Public\Documents\UCA\material_TLP_COMPILADORES\Compilador ver 3 - Visual C++ 2012\parser2\Debug\parser2.ilk
C:\Users\Public\Documents\UCA\material_TLP_COMPILADORES\Compilador ver 3 - Visual C++ 2012\parser2\Debug\parser2.pdb
C:\Users\Public\Documents\UCA\material_TLP_COMPILADORES\Compilador ver 3 - Visual C++ 2012\parser2\parser2\Debug\auxiliares.obj
C:\Users\Public\Documents\UCA\material_TLP_COMPILADORES\Compilador ver 3 - Visual C++ 2012\parser2\parser2\Debug\cl.command.1.tlog
C:\Users\Public\Documents\UCA\material_TLP_COMPILADORES\Compilador ver 3 - Visual C++ 2012\parser2\parser2\Debug\CL.read.1.tlog
C:\Users\Public\Documents\UCA\material_TLP_COMPILADORES\Compilador ver 3 - Visual C++ 2012\parser2\parser2\Debug\CL.write.1.tlog
C:\Users\Public\Documents\UCA\material_TLP_COMPILADORES\Compilador ver 3 - Visual C++ 2012\parser2\parser2\Debug\conjuntos.obj
C:\Users\Public\Documents\UCA\material_TLP_COMPILADORES\Compilador ver 3 - Visual C++ 2012\parser2\parser2\Debug\lexico.obj
C:\Users\Public\Documents\UCA\material_TLP_COMPILADORES\Compilador ver 3 - Visual C++ 2012\parser2\parser2\Debug\link.command.1.tlog
C:\Users\Public\Documents\UCA\material_TLP_COMPILADORES\Compilador ver 3 - Visual C++ 2012\parser2\parser2\Debug\link.read.1.tlog
C:\Users\Public\Documents\UCA\material_TLP_COMPILADORES\Compilador ver 3 - Visual C++ 2012\parser2\parser2\Debug\link.write.1.tlog
C:\Users\Public\Documents\UCA\material_TLP_COMPILADORES\Compilador ver 3 - Visual C++ 2012\parser2\parser2\Debug\mt.command.1.tlog
C:\Users\Public\Documents\UCA\material_TLP_COMPILADORES\Compilador ver 3 - Visual C++ 2012\parser2\parser2\Debug\mt.read.1.tlog
C:\Users\Public\Documents\UCA\material_TLP_COMPILADORES\Compilador ver 3 - Visual C++ 2012\parser2\parser2\Debug\mt.write.1.tlog
C:\Users\Public\Documents\UCA\material_TLP_COMPILADORES\Compilador ver 3 - Visual C++ 2012\parser2\parser2\Debug\parser.obj
C:\Users\Public\Documents\UCA\material_TLP_COMPILADORES\Compilador ver 3 - Visual C++ 2012\parser2\parser2\Debug\parser2.exe.intermediate.manifest
C:\Users\Public\Documents\UCA\material_TLP_COMPILADORES\Compilador ver 3 - Visual C++ 2012\parser2\parser2\Debug\pl0.obj
C:\Users\Public\Documents\UCA\material_TLP_COMPILADORES\Compilador ver 3 - Visual C++ 2012\parser2\parser2\Debug\scanner.obj
C:\Users\Public\Documents\UCA\material_TLP_COMPILADORES\Compilador ver 3 - Visual C++ 2012\parser2\parser2\Debug\tds.obj
C:\Users\Public\Documents\UCA\material_TLP_COMPILADORES\Compilador ver 3 - Visual C++ 2012\parser2\parser2\Debug\vc100.idb
C:\Users\Public\Documents\UCA\material_TLP_COMPILADORES\Compilador ver 3 - Visual C++ 2012\parser2\parser2\Debug\vc100.pdb
C:\USERS\PUBLIC\DOCUMENTS\UCA\MATERIAL_TLP_COMPILADORES\COMPILADOR VER 3 - VISUAL C++\PARSER2\DEBUG\PARSER2.EXE
C:\USERS\PUBLIC\DOCUMENTS\UCA\MATERIAL_TLP_COMPILADORES\COMPILADOR VER 3 - VISUAL C++\PARSER2\DEBUG\PARSER2.ILK
C:\USERS\PUBLIC\DOCUMENTS\UCA\MATERIAL_TLP_COMPILADORES\COMPILADOR VER 3 - VISUAL C++\PARSER2\DEBUG\PARSER2.PDB
C:\USERS\PUBLIC\DOCUMENTS\UCA\MATERIAL_TLP_COMPILADORES\COMPILADOR VER 3 - VISUAL C++\PARSER2\PARSER2\DEBUG\AUXILIARES.OBJ
C:\USERS\PUBLIC\DOCUMENTS\UCA\MATERIAL_TLP_COMPILADORES\COMPILADOR VER 3 - VISUAL C++\PARSER2\PARSER2\DEBUG\CONJUNTOS.OBJ
C:\USERS\PUBLIC\DOCUMENTS\UCA\MATERIAL_TLP_COMPILADORES\COMPILADOR VER 3 - VISUAL C++\PARSER2\PARSER2\DEBUG\LEXICO.OBJ
C:\USERS\PUBLIC\DOCUMENTS\UCA\MATERIAL_TLP_COMPILADORES\COMPILADOR VER 3 - VISUAL C++\PARSER2\PARSER2\DEBUG\PARSER.OBJ
C:\USERS\PUBLIC\DOCUMENTS\UCA\MATERIAL_TLP_COMPILADORES\COMPILADOR VER 3 - VISUAL C++\PARSER2\PARSER2\DEBUG\PARSER2.EXE.INTERMEDIATE.MANIFEST
C:\USERS\PUBLIC\DOCUMENTS\UCA\MATERIAL_TLP_COMPILADORES\COMPILADOR VER 3 - VISUAL C++\PARSER2\PARSER2\DEBUG\PL0.OBJ
C:\USERS\PUBLIC\DOCUMENTS\UCA\MATERIAL_TLP_COMPILADORES\COMPILADOR VER 3 - VISUAL C++\PARSER2\PARSER2\DEBUG\SCANNER.OBJ
C:\USERS\PUBLIC\DOCUMENTS\UCA\MATERIAL_TLP_COMPILADORES\COMPILADOR VER 3 - VISUAL C++\PARSER2\PARSER2\DEBUG\TDS.OBJ
C:\USERS\PUBLIC\DOCUMENTS\UCA\MATERIAL_TLP_COMPILADORES\COMPILADOR VER 3 - VISUAL C++\PARSER2\PARSER2\DEBUG\VC100.PDB
